INFO 2024-11-21 21:08:36,226 middleware Продолжительность запроса / - 0.0940000 сек.
INFO 2024-11-21 21:08:40,655 middleware Продолжительность запроса /favicon.ico - 0.1100000 сек.
INFO 2024-11-21 21:09:06,394 middleware Продолжительность запроса /post/ - 0.0000000 сек.
INFO 2024-11-21 21:09:06,545 middleware Продолжительность запроса /users/login/ - 0.1400000 сек.
INFO 2024-11-23 16:05:08,495 middleware Продолжительность запроса / - 0.2190000 сек.
INFO 2024-11-23 16:05:08,509 middleware Продолжительность запроса / - 0.0160000 сек.
INFO 2024-11-23 16:05:10,634 middleware Продолжительность запроса /favicon.ico - 0.3600000 сек.
INFO 2024-11-23 16:05:10,657 middleware Продолжительность запроса /favicon.ico - 0.0150000 сек.
INFO 2024-11-23 16:05:36,790 middleware Продолжительность запроса / - 0.0000000 сек.
INFO 2024-11-23 16:05:38,902 middleware Продолжительность запроса / - 0.0150000 сек.
INFO 2024-11-23 16:05:39,797 middleware Продолжительность запроса / - 0.0000000 сек.
INFO 2024-11-23 16:05:40,365 middleware Продолжительность запроса / - 0.0160000 сек.
INFO 2024-11-23 16:05:40,549 middleware Продолжительность запроса / - 0.0000000 сек.
INFO 2024-11-23 16:05:40,758 middleware Продолжительность запроса / - 0.0000000 сек.
INFO 2024-11-23 16:08:16,458 middleware Продолжительность запроса / - 0.1720000 сек.
INFO 2024-11-23 16:13:41,623 middleware Продолжительность запроса / - 0.0310000 сек.
INFO 2024-11-23 16:13:51,342 middleware Продолжительность запроса / - 0.0000000 сек.
INFO 2024-11-23 16:13:52,819 middleware Продолжительность запроса / - 0.0160000 сек.
INFO 2024-11-23 16:15:32,132 middleware Продолжительность запроса / - 0.0160000 сек.
INFO 2024-11-23 16:15:33,106 middleware Продолжительность запроса / - 0.0000000 сек.
INFO 2024-11-23 16:15:41,955 middleware Продолжительность запроса / - 0.0000000 сек.
INFO 2024-11-23 16:15:42,809 middleware Продолжительность запроса / - 0.0150000 сек.
INFO 2024-11-23 16:17:18,172 middleware Продолжительность запроса / - 0.0160000 сек.
INFO 2024-11-23 16:18:16,371 middleware Продолжительность запроса / - 0.0160000 сек.
INFO 2024-11-23 16:19:15,794 middleware Продолжительность запроса / - 0.0160000 сек.
INFO 2024-11-23 16:19:16,689 middleware Продолжительность запроса / - 0.0000000 сек.
INFO 2024-11-23 16:19:34,277 middleware Продолжительность запроса / - 0.0150000 сек.
INFO 2024-11-23 16:20:59,942 middleware Продолжительность запроса / - 0.0160000 сек.
INFO 2024-11-23 16:31:57,638 middleware Продолжительность запроса /bus_trip/ - 0.0790000 сек.
INFO 2024-11-23 16:32:00,169 middleware Продолжительность запроса /bus_trip/ - 0.0310000 сек.
INFO 2024-11-23 16:32:01,115 middleware Продолжительность запроса /bus_trip/ - 0.0470000 сек.
INFO 2024-11-23 16:33:00,921 middleware Продолжительность запроса /bus_trip/ - 0.0940000 сек.
INFO 2024-11-23 16:33:03,245 middleware Продолжительность запроса /bus_trip/ - 0.0160000 сек.
INFO 2024-11-23 16:33:07,352 middleware Продолжительность запроса /car_trip/ - 0.0150000 сек.
INFO 2024-11-23 16:33:08,154 middleware Продолжительность запроса /bus_trip/ - 0.0150000 сек.
INFO 2024-11-23 16:33:09,301 middleware Продолжительность запроса / - 0.0310000 сек.
INFO 2024-11-23 16:33:10,917 middleware Продолжительность запроса /car_trip/ - 0.0160000 сек.
INFO 2024-11-23 16:33:48,325 middleware Продолжительность запроса /car_trip/ - 0.0160000 сек.
INFO 2024-11-23 16:33:53,091 middleware Продолжительность запроса /car_trip/ - 0.0630000 сек.
INFO 2024-11-24 17:20:47,537 middleware Продолжительность запроса / - 0.5630000 сек.
INFO 2024-11-24 17:20:48,430 middleware Продолжительность запроса / - 0.0160000 сек.
INFO 2024-11-24 17:20:50,503 middleware Продолжительность запроса /favicon.ico - 0.6870000 сек.
INFO 2024-11-24 17:20:58,155 middleware Продолжительность запроса /post/ - 0.0000000 сек.
INFO 2024-11-24 17:20:58,289 middleware Продолжительность запроса /users/login/ - 0.1400000 сек.
INFO 2024-11-24 17:21:01,735 middleware Продолжительность запроса /users/login/ - 1.9220000 сек.
INFO 2024-11-24 17:21:01,821 middleware Продолжительность запроса /post/ - 0.0790000 сек.
INFO 2024-11-24 17:21:17,967 middleware Продолжительность запроса /post/ - 0.0620000 сек.
INFO 2024-11-24 17:21:17,983 middleware Продолжительность запроса / - 0.0000000 сек.
INFO 2024-11-24 17:21:30,617 middleware Продолжительность запроса /search/ - 0.3900000 сек.
INFO 2024-11-24 17:40:09,941 middleware Продолжительность запроса /search/ - 0.1720000 сек.
INFO 2024-11-24 17:41:25,067 middleware Продолжительность запроса /search/ - 0.2660000 сек.
INFO 2024-11-24 17:41:30,836 middleware Продолжительность запроса /search/ - 0.3120000 сек.
INFO 2024-11-24 19:00:35,651 middleware Продолжительность запроса /search/ - 0.3600000 сек.
INFO 2024-11-24 19:00:36,418 middleware Продолжительность запроса /favicon.ico - 0.0780000 сек.
INFO 2024-11-24 19:00:59,810 middleware Продолжительность запроса / - 0.2500000 сек.
INFO 2024-11-24 19:00:59,821 middleware Продолжительность запроса / - 0.0160000 сек.
INFO 2024-11-24 19:31:29,691 middleware Продолжительность запроса / - 0.2810000 сек.
INFO 2024-11-24 19:31:32,489 middleware Продолжительность запроса /favicon.ico - 0.5000000 сек.
INFO 2024-11-24 19:31:39,468 middleware Продолжительность запроса /post/ - 0.0940000 сек.
INFO 2024-11-24 19:32:00,812 middleware Продолжительность запроса /post/ - 1.0630000 сек.
INFO 2024-11-24 19:40:03,000 middleware Продолжительность запроса / - 0.2650000 сек.
INFO 2024-11-24 19:40:03,150 middleware Продолжительность запроса / - 0.0160000 сек.
INFO 2024-11-24 19:40:08,373 middleware Продолжительность запроса /post/ - 0.3120000 сек.
INFO 2024-11-24 19:40:22,285 middleware Продолжительность запроса /post/ - 2.8440000 сек.
INFO 2024-11-24 19:45:35,930 middleware Продолжительность запроса /users/profile/ - 0.0940000 сек.
INFO 2024-11-24 19:45:36,011 middleware Продолжительность запроса /media/users/photo.jpg - 0.0160000 сек.
INFO 2024-11-24 19:45:44,677 middleware Продолжительность запроса /users/profile/ - 2.3590000 сек.
INFO 2024-11-24 19:45:44,699 middleware Продолжительность запроса /users/profile/ - 0.0160000 сек.
INFO 2024-11-24 19:45:44,757 middleware Продолжительность запроса /media/users/$Y/11/24/Capture001.png - 0.0150000 сек.
INFO 2024-11-24 19:48:25,562 middleware Продолжительность запроса /users/profile/ - 0.0160000 сек.
INFO 2024-11-24 19:48:25,581 middleware Продолжительность запроса /users/profile/ - 0.0160000 сек.
INFO 2024-11-24 19:48:25,617 middleware Продолжительность запроса /media/users/$Y/11/24/-bsQ0LajqnE.jpg - 0.0310000 сек.
INFO 2024-11-24 19:48:47,507 middleware Продолжительность запроса /users/profile/ - 0.0150000 сек.
INFO 2024-11-24 19:48:47,524 middleware Продолжительность запроса /media/users/$Y/11/24/-bsQ0LajqnE.jpg - 0.0160000 сек.
INFO 2024-11-24 19:48:49,940 middleware Продолжительность запроса / - 0.0000000 сек.
INFO 2024-11-24 19:48:51,683 middleware Продолжительность запроса /post/ - 0.0160000 сек.
INFO 2024-11-24 19:49:15,253 middleware Продолжительность запроса /post/ - 10.9530000 сек.
INFO 2024-11-24 19:52:57,042 middleware Продолжительность запроса /post/ - 10.2650000 сек.
